-1 1431532054.665348 00000000.ppm
-1 1431532054.732169 00000001.ppm
-1 1431532054.799526 00000002.ppm
-1 1431532054.865119 00000003.ppm
-1 1431532054.932306 00000004.ppm
-1 1431532054.999207 00000005.ppm
-1 1431532055.064590 00000006.ppm
-1 1431532055.131682 00000007.ppm
-1 1431532055.194923 00000008.ppm
-1 1431532055.262236 00000009.ppm
-1 1431532055.329103 00000010.ppm
-1 1431532055.395230 00000011.ppm
-1 1431532055.460281 00000012.ppm
-1 1431532055.528808 00000013.ppm
-1 1431532055.593128 00000014.ppm
-1 1431532055.658788 00000015.ppm
-1 1431532055.726191 00000016.ppm
-1 1431532055.795677 00000017.ppm
-1 1431532055.856271 00000018.ppm
-1 1431532055.924922 00000019.ppm
-1 1431532055.991351 00000020.ppm
-1 1431532056.056046 00000021.ppm
-1 1431532056.125188 00000022.ppm
-1 1431532056.190599 00000023.ppm
-1 1431532056.252982 00000024.ppm
-1 1431532056.321194 00000025.ppm
-1 1431532056.389807 00000026.ppm
-1 1431532056.518670 00000027.ppm
-1 1431532056.620254 00000028.ppm
-1 1431532056.686026 00000029.ppm
-1 1431532056.751048 00000030.ppm
-1 1431532056.851583 00000031.ppm
-1 1431532056.917680 00000032.ppm
-1 1431532056.983967 00000033.ppm
-1 1431532057.049191 00000034.ppm
-1 1431532057.114723 00000035.ppm
-1 1431532057.182344 00000036.ppm
-1 1431532057.245740 00000037.ppm
-1 1431532057.313521 00000038.ppm
-1 1431532057.383662 00000039.ppm
-1 1431532057.447064 00000040.ppm
-1 1431532057.513473 00000041.ppm
-1 1431532057.582377 00000042.ppm
-1 1431532057.643591 00000043.ppm
-1 1431532057.712800 00000044.ppm
-1 1431532057.781433 00000045.ppm
-1 1431532057.845477 00000046.ppm
-1 1431532057.909109 00000047.ppm
-1 1431532057.979826 00000048.ppm
-1 1431532058.047065 00000049.ppm
-1 1431532058.105867 00000050.ppm
-1 1431532058.179281 00000051.ppm
-1 1431532058.239216 00000052.ppm
-1 1431532058.304916 00000053.ppm
-1 1431532058.382406 00000054.ppm
-1 1431532058.441370 00000055.ppm
-1 1431532058.503176 00000056.ppm
-1 1431532058.572635 00000057.ppm
-1 1431532058.638655 00000058.ppm
-1 1431532058.700735 00000059.ppm
-1 1431532058.776152 00000060.ppm
-1 1431532058.836612 00000061.ppm
-1 1431532058.902373 00000062.ppm
-1 1431532058.968324 00000063.ppm
-1 1431532059.037250 00000064.ppm
-1 1431532059.103153 00000065.ppm
-1 1431532059.169970 00000066.ppm
-1 1431532059.267307 00000067.ppm
-1 1431532059.336509 00000068.ppm
-1 1431532059.528715 00000069.ppm
-1 1431532059.633272 00000070.ppm
-1 1431532059.696863 00000071.ppm
-1 1431532059.765872 00000072.ppm
-1 1431532059.830135 00000073.ppm
-1 1431532059.961659 00000074.ppm
-1 1431532060.029989 00000075.ppm
-1 1431532060.093987 00000076.ppm
-1 1431532060.159389 00000077.ppm
-1 1431532060.229099 00000078.ppm
-1 1431532060.292020 00000079.ppm
-1 1431532060.359236 00000080.ppm
-1 1431532060.426635 00000081.ppm
-1 1431532060.492210 00000082.ppm
-1 1431532060.592341 00000083.ppm
-1 1431532060.657431 00000084.ppm
-1 1431532060.755213 00000085.ppm
-1 1431532060.825732 00000086.ppm
-1 1431532060.921999 00000087.ppm
-1 1431532061.055180 00000088.ppm
-1 1431532061.121545 00000089.ppm
-1 1431532061.190188 00000090.ppm
-1 1431532061.254291 00000091.ppm
-1 1431532061.324055 00000092.ppm
-1 1431532061.389527 00000093.ppm
-1 1431532061.454128 00000094.ppm
-1 1431532061.524698 00000095.ppm
-1 1431532061.591662 00000096.ppm
-1 1431532061.653213 00000097.ppm
-1 1431532061.719209 00000098.ppm
-1 1431532061.784213 00000099.ppm
-1 1431532061.852207 00000100.ppm
-1 1431532061.918088 00000101.ppm
-1 1431532061.990284 00000102.ppm
-1 1431532062.050601 00000103.ppm
-1 1431532062.118780 00000104.ppm
-1 1431532062.186943 00000105.ppm
-1 1431532062.248326 00000106.ppm
-1 1431532062.316899 00000107.ppm
-1 1431532062.381969 00000108.ppm
-1 1431532062.485776 00000109.ppm
-1 1431532062.547567 00000110.ppm
-1 1431532062.646401 00000111.ppm
-1 1431532062.744096 00000112.ppm
-1 1431532062.810309 00000113.ppm
-1 1431532062.911169 00000114.ppm
-1 1431532062.980278 00000115.ppm
-1 1431532063.178378 00000116.ppm
-1 1431532063.241940 00000117.ppm
-1 1431532063.308665 00000118.ppm
-1 1431532063.376042 00000119.ppm
-1 1431532063.439518 00000120.ppm
-1 1431532063.539309 00000121.ppm
-1 1431532063.604749 00000122.ppm
-1 1431532063.675826 00000123.ppm
-1 1431532063.741438 00000124.ppm
-1 1431532063.804122 00000125.ppm
-1 1431532063.873891 00000126.ppm
-1 1431532063.937142 00000127.ppm
-1 1431532064.003403 00000128.ppm
-1 1431532064.068747 00000129.ppm
-1 1431532064.135697 00000130.ppm
-1 1431532064.201939 00000131.ppm
-1 1431532064.267213 00000132.ppm
-1 1431532064.335111 00000133.ppm
-1 1431532064.400243 00000134.ppm
-1 1431532064.468039 00000135.ppm
-1 1431532064.532841 00000136.ppm
-1 1431532064.597419 00000137.ppm
-1 1431532064.664282 00000138.ppm
-1 1431532064.730003 00000139.ppm
-1 1431532064.797134 00000140.ppm
-1 1431532064.863077 00000141.ppm
-1 1431532064.933005 00000142.ppm
-1 1431532064.994065 00000143.ppm
-1 1431532065.059440 00000144.ppm
-1 1431532065.127565 00000145.ppm
-1 1431532065.189749 00000146.ppm
-1 1431532065.259331 00000147.ppm
-1 1431532065.326813 00000148.ppm
-1 1431532065.396814 00000149.ppm
-1 1431532065.457241 00000150.ppm
-1 1431532065.527134 00000151.ppm
-1 1431532065.591681 00000152.ppm
-1 1431532065.658672 00000153.ppm
-1 1431532065.727149 00000154.ppm
-1 1431532065.793504 00000155.ppm
-1 1431532065.856456 00000156.ppm
-1 1431532065.927123 00000157.ppm
-1 1431532065.991666 00000158.ppm
-1 1431532066.055489 00000159.ppm
-1 1431532066.126589 00000160.ppm
-1 1431532066.188211 00000161.ppm
-1 1431532066.253565 00000162.ppm
-1 1431532066.331384 00000163.ppm
-1 1431532066.387786 00000164.ppm
-1 1431532066.452559 00000165.ppm
-1 1431532066.519442 00000166.ppm
-1 1431532066.586772 00000167.ppm
-1 1431532066.649840 00000168.ppm
-1 1431532066.717588 00000169.ppm
-1 1431532066.786229 00000170.ppm
-1 1431532066.850199 00000171.ppm
-1 1431532066.916568 00000172.ppm
-1 1431532066.986783 00000173.ppm
-1 1431532067.049047 00000174.ppm
-1 1431532067.116565 00000175.ppm
-1 1431532067.186611 00000176.ppm
-1 1431532067.247636 00000177.ppm
-1 1431532067.313143 00000178.ppm
-1 1431532067.380998 00000179.ppm
-1 1431532067.482124 00000180.ppm
-1 1431532067.543298 00000181.ppm
-1 1431532067.611955 00000182.ppm
-1 1431532067.681401 00000183.ppm
-1 1431532067.745890 00000184.ppm
-1 1431532067.809178 00000185.ppm
-1 1431532067.878345 00000186.ppm
-1 1431532067.947231 00000187.ppm
-1 1431532068.009935 00000188.ppm
-1 1431532068.076856 00000189.ppm
-1 1431532068.142935 00000190.ppm
-1 1431532068.205381 00000191.ppm
-1 1431532068.277122 00000192.ppm
-1 1431532068.375973 00000193.ppm
-1 1431532068.441170 00000194.ppm
-1 1431532068.505614 00000195.ppm
-1 1431532068.576137 00000196.ppm
-1 1431532068.638786 00000197.ppm
-1 1431532068.706041 00000198.ppm
-1 1431532068.776949 00000199.ppm
-1 1431532068.837136 00000200.ppm
-1 1431532068.905458 00000201.ppm
-1 1431532068.973507 00000202.ppm
-1 1431532069.038973 00000203.ppm
-1 1431532069.136839 00000204.ppm
-1 1431532069.202454 00000205.ppm
-1 1431532069.266866 00000206.ppm
-1 1431532069.335590 00000207.ppm
-1 1431532069.403418 00000208.ppm
-1 1431532069.466865 00000209.ppm
-1 1431532069.568328 00000210.ppm
-1 1431532069.697949 00000211.ppm
-1 1431532069.771649 00000212.ppm
-1 1431532069.831677 00000213.ppm
-1 1431532070.096558 00000214.ppm
-1 1431532070.194424 00000215.ppm
-1 1431532070.296179 00000216.ppm
-1 1431532070.361691 00000217.ppm
-1 1431532070.458814 00000218.ppm
-1 1431532070.527778 00000219.ppm
-1 1431532070.594290 00000220.ppm
-1 1431532070.658673 00000221.ppm
-1 1431532070.729206 00000222.ppm
-1 1431532070.793572 00000223.ppm
-1 1431532070.857191 00000224.ppm
-1 1431532070.925131 00000225.ppm
-1 1431532070.992698 00000226.ppm
-1 1431532071.056506 00000227.ppm
-1 1431532071.125063 00000228.ppm
-1 1431532071.189186 00000229.ppm
-1 1431532071.254988 00000230.ppm
-1 1431532072.280937 00000231.ppm
-1 1431532072.347470 00000232.ppm
-1 1431532072.413274 00000233.ppm
-1 1431532072.484772 00000234.ppm
-1 1431532072.545636 00000235.ppm
-1 1431532072.611636 00000236.ppm
-1 1431532072.679496 00000237.ppm
-1 1431532072.743819 00000238.ppm
-1 1431532072.810127 00000239.ppm
-1 1431532072.883090 00000240.ppm
-1 1431532072.941917 00000241.ppm
-1 1431532073.013540 00000242.ppm
-1 1431532073.076935 00000243.ppm
-1 1431532073.143107 00000244.ppm
-1 1431532073.207376 00000245.ppm
-1 1431532073.277633 00000246.ppm
-1 1431532073.340281 00000247.ppm
-1 1431532073.404673 00000248.ppm
-1 1431532073.477384 00000249.ppm
-1 1431532073.540025 00000250.ppm
-1 1431532073.604211 00000251.ppm
-1 1431532073.677769 00000252.ppm
-1 1431532073.737477 00000253.ppm
-1 1431532073.805729 00000254.ppm
-1 1431532073.870878 00000255.ppm
-1 1431532073.937816 00000256.ppm
-1 1431532074.003113 00000257.ppm
-1 1431532074.099713 00000258.ppm
-1 1431532074.200225 00000259.ppm
-1 1431532074.267933 00000260.ppm
-1 1431532074.332550 00000261.ppm
-1 1431532074.401239 00000262.ppm
-1 1431532074.468343 00000263.ppm
-1 1431532074.534495 00000264.ppm
-1 1431532074.597335 00000265.ppm
-1 1431532074.662698 00000266.ppm
-1 1431532074.764837 00000267.ppm
-1 1431532074.835965 00000268.ppm
-1 1431532074.930931 00000269.ppm
-1 1431532074.995699 00000270.ppm
-1 1431532075.062109 00000271.ppm
-1 1431532075.128045 00000272.ppm
-1 1431532075.194848 00000273.ppm
-1 1431532075.259193 00000274.ppm
-1 1431532075.328242 00000275.ppm
-1 1431532075.393658 00000276.ppm
-1 1431532075.459553 00000277.ppm
-1 1431532075.530324 00000278.ppm
-1 1431532075.594402 00000279.ppm
-1 1431532075.658391 00000280.ppm
-1 1431532075.725268 00000281.ppm
-1 1431532075.792007 00000282.ppm
-1 1431532075.856266 00000283.ppm
-1 1431532075.928319 00000284.ppm
-1 1431532075.989231 00000285.ppm
-1 1431532076.054720 00000286.ppm
-1 1431532076.120613 00000287.ppm
-1 1431532076.186452 00000288.ppm
-1 1431532076.251960 00000289.ppm
-1 1431532076.325396 00000290.ppm
-1 1431532076.385881 00000291.ppm
-1 1431532076.487153 00000292.ppm
-1 1431532076.619903 00000293.ppm
-1 1431532076.718004 00000294.ppm
-1 1431532076.788946 00000295.ppm
-1 1431532076.887719 00000296.ppm
-1 1431532076.987511 00000297.ppm
-1 1431532077.082098 00000298.ppm
-1 1431532077.148539 00000299.ppm
-1 1431532077.217068 00000300.ppm
-1 1431532077.285969 00000301.ppm
-1 1431532077.351891 00000302.ppm
-1 1431532077.412877 00000303.ppm
-1 1431532077.483772 00000304.ppm
-1 1431532077.544998 00000305.ppm
-1 1431532077.611780 00000306.ppm
-1 1431532077.682187 00000307.ppm
-1 1431532077.743873 00000308.ppm
-1 1431532077.809712 00000309.ppm
-1 1431532077.882303 00000310.ppm
-1 1431532077.946347 00000311.ppm
-1 1431532078.008428 00000312.ppm
-1 1431532078.080619 00000313.ppm
-1 1431532078.141937 00000314.ppm
-1 1431532078.275615 00000315.ppm
-1 1431532078.341160 00000316.ppm
-1 1431532078.401307 00000317.ppm
-1 1431532078.474410 00000318.ppm
-1 1431532078.535610 00000319.ppm
-1 1431532078.602057 00000320.ppm
-1 1431532078.670509 00000321.ppm
-1 1431532078.737833 00000322.ppm
-1 1431532078.800890 00000323.ppm
-1 1431532078.903156 00000324.ppm
-1 1431532078.969168 00000325.ppm
-1 1431532079.035267 00000326.ppm
-1 1431532079.098855 00000327.ppm
-1 1431532079.164147 00000328.ppm
-1 1431532079.232487 00000329.ppm
-1 1431532079.299958 00000330.ppm
-1 1431532079.364615 00000331.ppm
-1 1431532079.433195 00000332.ppm
-1 1431532079.496833 00000333.ppm
-1 1431532079.562573 00000334.ppm
