-1 1431531613.238757 00000000.ppm
-1 1431531613.270277 00000001.ppm
-1 1431531613.571212 00000002.ppm
-1 1431531613.636282 00000003.ppm
-1 1431531613.703498 00000004.ppm
-1 1431531613.767871 00000005.ppm
-1 1431531613.836041 00000006.ppm
-1 1431531613.899243 00000007.ppm
-1 1431531613.963259 00000008.ppm
-1 1431531614.029025 00000009.ppm
-1 1431531614.097173 00000010.ppm
-1 1431531614.164481 00000011.ppm
-1 1431531614.228864 00000012.ppm
-1 1431531614.299853 00000013.ppm
-1 1431531614.363565 00000014.ppm
-1 1431531614.426901 00000015.ppm
-1 1431531614.495048 00000016.ppm
-1 1431531614.561916 00000017.ppm
-1 1431531614.628966 00000018.ppm
-1 1431531614.699231 00000019.ppm
-1 1431531614.761837 00000020.ppm
-1 1431531614.826936 00000021.ppm
-1 1431531614.898999 00000022.ppm
-1 1431531614.956929 00000023.ppm
-1 1431531615.025350 00000024.ppm
-1 1431531615.093944 00000025.ppm
-1 1431531615.160705 00000026.ppm
-1 1431531615.223871 00000027.ppm
-1 1431531615.293389 00000028.ppm
-1 1431531615.358878 00000029.ppm
-1 1431531615.422887 00000030.ppm
-1 1431531615.491339 00000031.ppm
-1 1431531615.554590 00000032.ppm
-1 1431531615.623334 00000033.ppm
-1 1431531615.689088 00000034.ppm
-1 1431531615.757129 00000035.ppm
-1 1431531615.821332 00000036.ppm
-1 1431531615.885096 00000037.ppm
-1 1431531615.953812 00000038.ppm
-1 1431531616.018353 00000039.ppm
-1 1431531616.086459 00000040.ppm
-1 1431531616.150218 00000041.ppm
-1 1431531616.217553 00000042.ppm
-1 1431531616.282176 00000043.ppm
-1 1431531616.350674 00000044.ppm
-1 1431531616.415126 00000045.ppm
-1 1431531616.481622 00000046.ppm
-1 1431531616.551026 00000047.ppm
-1 1431531616.613216 00000048.ppm
-1 1431531616.683759 00000049.ppm
-1 1431531616.747619 00000050.ppm
-1 1431531616.813022 00000051.ppm
-1 1431531616.877353 00000052.ppm
-1 1431531616.947941 00000053.ppm
-1 1431531617.013863 00000054.ppm
-1 1431531617.078141 00000055.ppm
-1 1431531617.145811 00000056.ppm
-1 1431531617.214374 00000057.ppm
-1 1431531617.275894 00000058.ppm
-1 1431531617.345261 00000059.ppm
-1 1431531617.413106 00000060.ppm
-1 1431531617.477607 00000061.ppm
-1 1431531617.547061 00000062.ppm
-1 1431531617.608777 00000063.ppm
-1 1431531617.675008 00000064.ppm
-1 1431531617.743874 00000065.ppm
-1 1431531617.810347 00000066.ppm
-1 1431531617.875269 00000067.ppm
-1 1431531617.943498 00000068.ppm
-1 1431531618.008449 00000069.ppm
-1 1431531618.073666 00000070.ppm
-1 1431531618.140618 00000071.ppm
-1 1431531618.209733 00000072.ppm
-1 1431531618.271175 00000073.ppm
-1 1431531618.347625 00000074.ppm
-1 1431531618.403769 00000075.ppm
-1 1431531618.470111 00000076.ppm
-1 1431531618.540577 00000077.ppm
-1 1431531618.606202 00000078.ppm
-1 1431531618.667496 00000079.ppm
-1 1431531618.736514 00000080.ppm
-1 1431531618.802684 00000081.ppm
-1 1431531618.867275 00000082.ppm
-1 1431531618.932705 00000083.ppm
-1 1431531619.003832 00000084.ppm
-1 1431531619.067393 00000085.ppm
-1 1431531619.135452 00000086.ppm
-1 1431531619.328732 00000087.ppm
-1 1431531619.399723 00000088.ppm
-1 1431531619.462693 00000089.ppm
-1 1431531619.526911 00000090.ppm
-1 1431531619.596754 00000091.ppm
-1 1431531619.667572 00000092.ppm
-1 1431531619.730222 00000093.ppm
-1 1431531619.796345 00000094.ppm
-1 1431531619.864565 00000095.ppm
-1 1431531619.924939 00000096.ppm
-1 1431531620.028973 00000097.ppm
-1 1431531620.093351 00000098.ppm
-1 1431531620.165190 00000099.ppm
-1 1431531620.226501 00000100.ppm
-1 1431531620.360018 00000101.ppm
-1 1431531620.424267 00000102.ppm
-1 1431531620.524336 00000103.ppm
-1 1431531620.594287 00000104.ppm
-1 1431531620.891223 00000105.ppm
-1 1431531620.986163 00000106.ppm
-1 1431531621.087441 00000107.ppm
-1 1431531621.188485 00000108.ppm
-1 1431531621.260176 00000109.ppm
-1 1431531621.321721 00000110.ppm
-1 1431531621.420836 00000111.ppm
-1 1431531621.513436 00000112.ppm
-1 1431531621.617292 00000113.ppm
-1 1431531621.679360 00000114.ppm
-1 1431531621.852778 00000115.ppm
-1 1431531621.917336 00000116.ppm
-1 1431531621.979924 00000117.ppm
-1 1431531622.051848 00000118.ppm
-1 1431531622.147004 00000119.ppm
-1 1431531622.206584 00000120.ppm
-1 1431531622.377589 00000121.ppm
-1 1431531622.511276 00000122.ppm
-1 1431531622.709748 00000123.ppm
-1 1431531622.808396 00000124.ppm
-1 1431531622.875120 00000125.ppm
-1 1431531623.008827 00000126.ppm
-1 1431531623.104396 00000127.ppm
-1 1431531623.334994 00000128.ppm
-1 1431531623.469098 00000129.ppm
-1 1431531623.536671 00000130.ppm
-1 1431531623.602805 00000131.ppm
-1 1431531623.734252 00000132.ppm
-1 1431531623.972631 00000133.ppm
-1 1431531624.064844 00000134.ppm
-1 1431531624.199750 00000135.ppm
-1 1431531624.298574 00000136.ppm
-1 1431531624.427668 00000137.ppm
-1 1431531624.498439 00000138.ppm
-1 1431531624.564400 00000139.ppm
-1 1431531624.627018 00000140.ppm
-1 1431531624.697628 00000141.ppm
-1 1431531624.764011 00000142.ppm
-1 1431531624.860728 00000143.ppm
-1 1431531624.927465 00000144.ppm
-1 1431531624.992173 00000145.ppm
-1 1431531625.087278 00000146.ppm
-1 1431531625.161686 00000147.ppm
-1 1431531625.323746 00000148.ppm
-1 1431531625.391311 00000149.ppm
-1 1431531625.455910 00000150.ppm
-1 1431531625.521385 00000151.ppm
-1 1431531625.591162 00000152.ppm
-1 1431531625.655065 00000153.ppm
-1 1431531625.718596 00000154.ppm
-1 1431531625.787049 00000155.ppm
-1 1431531625.854890 00000156.ppm
-1 1431531625.917063 00000157.ppm
-1 1431531625.987088 00000158.ppm
-1 1431531626.051499 00000159.ppm
-1 1431531626.118192 00000160.ppm
-1 1431531626.177600 00000161.ppm
-1 1431531626.250029 00000162.ppm
-1 1431531626.316563 00000163.ppm
-1 1431531626.415951 00000164.ppm
-1 1431531626.610280 00000165.ppm
-1 1431531626.713388 00000166.ppm
-1 1431531626.777908 00000167.ppm
-1 1431531626.848468 00000168.ppm
-1 1431531626.913874 00000169.ppm
-1 1431531626.977659 00000170.ppm
-1 1431531627.044067 00000171.ppm
-1 1431531627.147161 00000172.ppm
-1 1431531627.213262 00000173.ppm
-1 1431531627.313504 00000174.ppm
-1 1431531627.407878 00000175.ppm
-1 1431531627.475259 00000176.ppm
-1 1431531627.577461 00000177.ppm
-1 1431531627.674409 00000178.ppm
-1 1431531627.771868 00000179.ppm
-1 1431531628.164778 00000180.ppm
-1 1431531628.269832 00000181.ppm
-1 1431531628.335227 00000182.ppm
-1 1431531628.400433 00000183.ppm
-1 1431531628.534067 00000184.ppm
-1 1431531628.598243 00000185.ppm
-1 1431531628.664728 00000186.ppm
-1 1431531628.732502 00000187.ppm
-1 1431531628.803701 00000188.ppm
-1 1431531628.864827 00000189.ppm
-1 1431531628.932317 00000190.ppm
-1 1431531628.996005 00000191.ppm
-1 1431531629.066927 00000192.ppm
-1 1431531629.136986 00000193.ppm
-1 1431531629.198413 00000194.ppm
-1 1431531629.265148 00000195.ppm
-1 1431531629.328173 00000196.ppm
-1 1431531629.427759 00000197.ppm
-1 1431531629.498471 00000198.ppm
-1 1431531629.627197 00000199.ppm
-1 1431531629.690360 00000200.ppm
-1 1431531629.794566 00000201.ppm
-1 1431531629.859076 00000202.ppm
-1 1431531629.929212 00000203.ppm
-1 1431531629.990631 00000204.ppm
-1 1431531630.053491 00000205.ppm
-1 1431531630.122839 00000206.ppm
-1 1431531630.226522 00000207.ppm
-1 1431531630.287447 00000208.ppm
-1 1431531630.387827 00000209.ppm
-1 1431531630.459477 00000210.ppm
-1 1431531630.656444 00000211.ppm
-1 1431531630.716855 00000212.ppm
-1 1431531630.784089 00000213.ppm
-1 1431531630.889468 00000214.ppm
-1 1431531630.947856 00000215.ppm
-1 1431531631.018786 00000216.ppm
-1 1431531631.281077 00000217.ppm
-1 1431531631.351252 00000218.ppm
-1 1431531631.416547 00000219.ppm
-1 1431531631.517315 00000220.ppm
-1 1431531631.620586 00000221.ppm
-1 1431531631.687322 00000222.ppm
-1 1431531631.750345 00000223.ppm
-1 1431531631.848560 00000224.ppm
-1 1431531631.913010 00000225.ppm
-1 1431531631.981088 00000226.ppm
-1 1431531632.048124 00000227.ppm
-1 1431531632.117663 00000228.ppm
-1 1431531632.179335 00000229.ppm
-1 1431531632.249634 00000230.ppm
-1 1431531632.321944 00000231.ppm
-1 1431531632.414361 00000232.ppm
-1 1431531632.511852 00000233.ppm
-1 1431531632.583813 00000234.ppm
-1 1431531632.649566 00000235.ppm
-1 1431531632.707485 00000236.ppm
-1 1431531632.775087 00000237.ppm
-1 1431531632.838896 00000238.ppm
-1 1431531632.907643 00000239.ppm
-1 1431531632.973259 00000240.ppm
-1 1431531633.041983 00000241.ppm
-1 1431531633.103433 00000242.ppm
-1 1431531633.172526 00000243.ppm
-1 1431531633.234193 00000244.ppm
-1 1431531633.302685 00000245.ppm
-1 1431531633.369688 00000246.ppm
-1 1431531633.465445 00000247.ppm
-1 1431531633.532954 00000248.ppm
-1 1431531633.666258 00000249.ppm
-1 1431531633.730341 00000250.ppm
-1 1431531633.800091 00000251.ppm
-1 1431531633.870792 00000252.ppm
-1 1431531633.971000 00000253.ppm
-1 1431531634.035630 00000254.ppm
-1 1431531634.100078 00000255.ppm
-1 1431531634.197979 00000256.ppm
-1 1431531634.266904 00000257.ppm
-1 1431531634.366034 00000258.ppm
-1 1431531634.430617 00000259.ppm
-1 1431531634.529521 00000260.ppm
-1 1431531634.627747 00000261.ppm
-1 1431531634.699340 00000262.ppm
-1 1431531634.766516 00000263.ppm
-1 1431531634.828651 00000264.ppm
-1 1431531634.900140 00000265.ppm
-1 1431531634.991084 00000266.ppm
-1 1431531635.160480 00000267.ppm
-1 1431531635.261675 00000268.ppm
-1 1431531635.420428 00000269.ppm
-1 1431531635.789571 00000270.ppm
-1 1431531635.954987 00000271.ppm
-1 1431531636.051327 00000272.ppm
-1 1431531636.118050 00000273.ppm
-1 1431531636.183709 00000274.ppm
-1 1431531636.254007 00000275.ppm
-1 1431531636.352460 00000276.ppm
-1 1431531637.450252 00000277.ppm
-1 1431531637.772908 00000278.ppm
-1 1431531637.911119 00000279.ppm
-1 1431531637.973796 00000280.ppm
-1 1431531640.292498 00000281.ppm
-1 1431531642.015950 00000282.ppm
-1 1431531642.079361 00000283.ppm
-1 1431531646.157322 00000284.ppm
-1 1431531646.579442 00000285.ppm
-1 1431531646.650772 00000286.ppm
-1 1431531646.712849 00000287.ppm
-1 1431531646.783755 00000288.ppm
-1 1431531646.843169 00000289.ppm
-1 1431531646.912864 00000290.ppm
-1 1431531646.976605 00000291.ppm
-1 1431531647.043858 00000292.ppm
-1 1431531647.112473 00000293.ppm
-1 1431531647.173808 00000294.ppm
-1 1431531647.245759 00000295.ppm
-1 1431531647.310351 00000296.ppm
-1 1431531647.378340 00000297.ppm
-1 1431531647.444472 00000298.ppm
-1 1431531647.510860 00000299.ppm
-1 1431531647.571279 00000300.ppm
-1 1431531647.641173 00000301.ppm
-1 1431531647.708341 00000302.ppm
-1 1431531647.773744 00000303.ppm
-1 1431531647.839410 00000304.ppm
-1 1431531647.906899 00000305.ppm
-1 1431531647.976392 00000306.ppm
-1 1431531648.040981 00000307.ppm
-1 1431531648.103132 00000308.ppm
-1 1431531648.165920 00000309.ppm
-1 1431531648.237931 00000310.ppm
-1 1431531648.306052 00000311.ppm
-1 1431531648.370346 00000312.ppm
-1 1431531648.436060 00000313.ppm
-1 1431531648.504251 00000314.ppm
-1 1431531648.567015 00000315.ppm
-1 1431531648.632015 00000316.ppm
-1 1431531648.700958 00000317.ppm
-1 1431531648.766858 00000318.ppm
-1 1431531648.835464 00000319.ppm
-1 1431531648.898414 00000320.ppm
-1 1431531648.968468 00000321.ppm
-1 1431531649.030811 00000322.ppm
-1 1431531649.099892 00000323.ppm
-1 1431531649.168795 00000324.ppm
-1 1431531649.230302 00000325.ppm
-1 1431531649.496872 00000326.ppm
-1 1431531649.627606 00000327.ppm
-1 1431531649.698424 00000328.ppm
-1 1431531649.765269 00000329.ppm
-1 1431531649.827476 00000330.ppm
-1 1431531649.896943 00000331.ppm
-1 1431531649.958958 00000332.ppm
-1 1431531650.026082 00000333.ppm
-1 1431531650.093900 00000334.ppm
-1 1431531650.162367 00000335.ppm
-1 1431531650.224135 00000336.ppm
-1 1431531650.291925 00000337.ppm
-1 1431531650.358186 00000338.ppm
-1 1431531650.420144 00000339.ppm
-1 1431531650.485034 00000340.ppm
-1 1431531650.553942 00000341.ppm
-1 1431531650.622228 00000342.ppm
-1 1431531650.685178 00000343.ppm
-1 1431531650.755743 00000344.ppm
-1 1431531650.819091 00000345.ppm
-1 1431531650.886508 00000346.ppm
-1 1431531650.956053 00000347.ppm
-1 1431531651.017298 00000348.ppm
-1 1431531651.084316 00000349.ppm
-1 1431531651.151528 00000350.ppm
-1 1431531651.220687 00000351.ppm
-1 1431531652.278982 00000352.ppm
-1 1431531652.345994 00000353.ppm
-1 1431531652.411419 00000354.ppm
-1 1431531652.475395 00000355.ppm
-1 1431531652.546855 00000356.ppm
-1 1431531652.642891 00000357.ppm
-1 1431531652.707639 00000358.ppm
-1 1431531652.773781 00000359.ppm
-1 1431531652.840416 00000360.ppm
-1 1431531652.906945 00000361.ppm
-1 1431531652.974202 00000362.ppm
-1 1431531653.039647 00000363.ppm
-1 1431531653.104929 00000364.ppm
-1 1431531653.172266 00000365.ppm
-1 1431531653.238692 00000366.ppm
-1 1431531653.305466 00000367.ppm
-1 1431531654.896798 00000368.ppm
-1 1431531654.990305 00000369.ppm
-1 1431531655.062434 00000370.ppm
-1 1431531655.122959 00000371.ppm
-1 1431531655.193795 00000372.ppm
-1 1431531655.259580 00000373.ppm
-1 1431531655.361387 00000374.ppm
-1 1431531655.489005 00000375.ppm
-1 1431531657.309841 00000376.ppm
-1 1431531657.377580 00000377.ppm
-1 1431531657.445152 00000378.ppm
-1 1431531657.543427 00000379.ppm
-1 1431531657.611902 00000380.ppm
-1 1431531657.671058 00000381.ppm
-1 1431531657.740345 00000382.ppm
-1 1431531657.802022 00000383.ppm
-1 1431531657.870680 00000384.ppm
-1 1431531657.937246 00000385.ppm
-1 1431531658.004613 00000386.ppm
-1 1431531658.070769 00000387.ppm
-1 1431531658.134433 00000388.ppm
-1 1431531658.303661 00000389.ppm
-1 1431531658.508993 00000390.ppm
-1 1431531658.569602 00000391.ppm
-1 1431531658.703201 00000392.ppm
-1 1431531658.766467 00000393.ppm
-1 1431531658.832868 00000394.ppm
-1 1431531658.900639 00000395.ppm
-1 1431531658.962068 00000396.ppm
-1 1431531659.034490 00000397.ppm
-1 1431531659.100813 00000398.ppm
-1 1431531659.165458 00000399.ppm
-1 1431531659.230446 00000400.ppm
-1 1431531659.300677 00000401.ppm
-1 1431531659.366925 00000402.ppm
-1 1431531659.430314 00000403.ppm
-1 1431531659.499264 00000404.ppm
-1 1431531659.562796 00000405.ppm
-1 1431531660.027388 00000406.ppm
-1 1431531660.327693 00000407.ppm
-1 1431531660.920194 00000408.ppm
-1 1431531661.015297 00000409.ppm
-1 1431531661.085432 00000410.ppm
-1 1431531661.183343 00000411.ppm
-1 1431531661.253653 00000412.ppm
-1 1431531661.321729 00000413.ppm
-1 1431531661.384873 00000414.ppm
-1 1431531661.456566 00000415.ppm
-1 1431531661.516052 00000416.ppm
-1 1431531661.615141 00000417.ppm
-1 1431531661.683370 00000418.ppm
-1 1431531661.746071 00000419.ppm
-1 1431531661.882594 00000420.ppm
-1 1431531662.051240 00000421.ppm
-1 1431531662.145154 00000422.ppm
-1 1431531662.374919 00000423.ppm
-1 1431531662.473376 00000424.ppm
-1 1431531662.573001 00000425.ppm
-1 1431531662.674972 00000426.ppm
-1 1431531662.738028 00000427.ppm
-1 1431531662.806017 00000428.ppm
-1 1431531662.872994 00000429.ppm
-1 1431531662.939316 00000430.ppm
-1 1431531663.007404 00000431.ppm
-1 1431531663.069259 00000432.ppm
-1 1431531663.138132 00000433.ppm
-1 1431531663.202947 00000434.ppm
-1 1431531663.268045 00000435.ppm
-1 1431531663.334951 00000436.ppm
-1 1431531663.402934 00000437.ppm
-1 1431531663.467828 00000438.ppm
-1 1431531663.535181 00000439.ppm
-1 1431531663.602312 00000440.ppm
-1 1431531663.668201 00000441.ppm
-1 1431531663.733871 00000442.ppm
-1 1431531663.800683 00000443.ppm
-1 1431531663.869336 00000444.ppm
-1 1431531663.932626 00000445.ppm
-1 1431531663.998966 00000446.ppm
-1 1431531664.062142 00000447.ppm
-1 1431531664.130606 00000448.ppm
-1 1431531664.200695 00000449.ppm
-1 1431531664.264440 00000450.ppm
-1 1431531664.328857 00000451.ppm
-1 1431531664.397831 00000452.ppm
-1 1431531664.464968 00000453.ppm
-1 1431531664.527059 00000454.ppm
-1 1431531664.625883 00000455.ppm
-1 1431531664.696793 00000456.ppm
-1 1431531664.760454 00000457.ppm
-1 1431531664.825341 00000458.ppm
-1 1431531664.892985 00000459.ppm
-1 1431531664.958988 00000460.ppm
-1 1431531665.023441 00000461.ppm
-1 1431531665.091057 00000462.ppm
-1 1431531665.154706 00000463.ppm
-1 1431531665.223608 00000464.ppm
-1 1431531665.291446 00000465.ppm
-1 1431531665.356570 00000466.ppm
-1 1431531665.423257 00000467.ppm
-1 1431531665.487336 00000468.ppm
-1 1431531665.554853 00000469.ppm
-1 1431531665.619044 00000470.ppm
-1 1431531665.686388 00000471.ppm
-1 1431531665.757222 00000472.ppm
-1 1431531665.820291 00000473.ppm
-1 1431531666.352515 00000474.ppm
-1 1431531666.413902 00000475.ppm
-1 1431531666.481571 00000476.ppm
-1 1431531666.548519 00000477.ppm
-1 1431531666.612445 00000478.ppm
-1 1431531666.678344 00000479.ppm
-1 1431531666.748763 00000480.ppm
-1 1431531666.815762 00000481.ppm
-1 1431531666.878378 00000482.ppm
-1 1431531666.948808 00000483.ppm
-1 1431531667.011910 00000484.ppm
-1 1431531667.075491 00000485.ppm
-1 1431531667.147338 00000486.ppm
-1 1431531667.213253 00000487.ppm
-1 1431531667.275513 00000488.ppm
-1 1431531667.345774 00000489.ppm
-1 1431531667.405843 00000490.ppm
-1 1431531667.477470 00000491.ppm
-1 1431531667.542895 00000492.ppm
-1 1431531667.710094 00000493.ppm
-1 1431531667.805619 00000494.ppm
-1 1431531667.906418 00000495.ppm
-1 1431531667.971628 00000496.ppm
-1 1431531668.071861 00000497.ppm
-1 1431531668.135830 00000498.ppm
-1 1431531668.203331 00000499.ppm
-1 1431531668.370486 00000500.ppm
-1 1431531668.466469 00000501.ppm
-1 1431531668.534138 00000502.ppm
-1 1431531668.601488 00000503.ppm
-1 1431531668.704271 00000504.ppm
-1 1431531668.767803 00000505.ppm
-1 1431531668.831607 00000506.ppm
-1 1431531668.901123 00000507.ppm
-1 1431531668.966015 00000508.ppm
-1 1431531669.032691 00000509.ppm
-1 1431531669.098341 00000510.ppm
-1 1431531669.163472 00000511.ppm
-1 1431531669.627857 00000512.ppm
-1 1431531669.825675 00000513.ppm
-1 1431531669.927360 00000514.ppm
-1 1431531669.993864 00000515.ppm
-1 1431531670.061445 00000516.ppm
-1 1431531670.163113 00000517.ppm
-1 1431531670.226064 00000518.ppm
-1 1431531670.294326 00000519.ppm
-1 1431531670.362002 00000520.ppm
-1 1431531670.421802 00000521.ppm
-1 1431531670.491371 00000522.ppm
-1 1431531670.557136 00000523.ppm
-1 1431531670.620302 00000524.ppm
-1 1431531670.689610 00000525.ppm
-1 1431531670.756170 00000526.ppm
-1 1431531670.820128 00000527.ppm
-1 1431531670.885849 00000528.ppm
-1 1431531670.956698 00000529.ppm
-1 1431531671.018439 00000530.ppm
-1 1431531671.086079 00000531.ppm
-1 1431531671.157313 00000532.ppm
-1 1431531671.214854 00000533.ppm
-1 1431531671.281701 00000534.ppm
-1 1431531671.354266 00000535.ppm
-1 1431531671.414719 00000536.ppm
-1 1431531671.479563 00000537.ppm
-1 1431531671.551381 00000538.ppm
-1 1431531671.615037 00000539.ppm
-1 1431531671.679535 00000540.ppm
-1 1431531671.746646 00000541.ppm
-1 1431531671.814452 00000542.ppm
-1 1431531671.879964 00000543.ppm
-1 1431531671.954807 00000544.ppm
-1 1431531672.015134 00000545.ppm
-1 1431531672.148301 00000546.ppm
-1 1431531672.641220 00000547.ppm
-1 1431531672.710714 00000548.ppm
-1 1431531672.775708 00000549.ppm
-1 1431531672.841117 00000550.ppm
-1 1431531672.910372 00000551.ppm
-1 1431531672.969306 00000552.ppm
-1 1431531673.036339 00000553.ppm
-1 1431531673.103556 00000554.ppm
-1 1431531673.170041 00000555.ppm
-1 1431531673.235199 00000556.ppm
-1 1431531673.306479 00000557.ppm
-1 1431531673.372763 00000558.ppm
-1 1431531673.433823 00000559.ppm
-1 1431531673.507312 00000560.ppm
-1 1431531673.567492 00000561.ppm
-1 1431531673.629542 00000562.ppm
-1 1431531673.732216 00000563.ppm
-1 1431531673.869155 00000564.ppm
-1 1431531673.964015 00000565.ppm
-1 1431531674.031006 00000566.ppm
-1 1431531674.102260 00000567.ppm
-1 1431531674.165336 00000568.ppm
-1 1431531674.225993 00000569.ppm
-1 1431531674.297365 00000570.ppm
-1 1431531674.363000 00000571.ppm
-1 1431531674.426991 00000572.ppm
-1 1431531674.495532 00000573.ppm
-1 1431531674.560350 00000574.ppm
-1 1431531674.626606 00000575.ppm
-1 1431531674.694080 00000576.ppm
-1 1431531674.755796 00000577.ppm
-1 1431531674.823950 00000578.ppm
-1 1431531674.892820 00000579.ppm
-1 1431531674.961579 00000580.ppm
-1 1431531675.020489 00000581.ppm
-1 1431531675.094786 00000582.ppm
-1 1431531675.159736 00000583.ppm
-1 1431531675.223211 00000584.ppm
-1 1431531675.290582 00000585.ppm
-1 1431531675.356081 00000586.ppm
-1 1431531675.456024 00000587.ppm
-1 1431531729.851667 00000588.ppm
-1 1431531729.916497 00000589.ppm
-1 1431531729.980943 00000590.ppm
-1 1431531730.055964 00000591.ppm
-1 1431531730.116850 00000592.ppm
-1 1431531730.180029 00000593.ppm
-1 1431531730.253211 00000594.ppm
-1 1431531730.314764 00000595.ppm
-1 1431531730.413173 00000596.ppm
-1 1431531730.478842 00000597.ppm
-1 1431531730.550948 00000598.ppm
-1 1431531730.614675 00000599.ppm
-1 1431531730.676124 00000600.ppm
-1 1431531730.746828 00000601.ppm
-1 1431531730.815333 00000602.ppm
-1 1431531730.873780 00000603.ppm
-1 1431531730.941795 00000604.ppm
-1 1431531731.014443 00000605.ppm
-1 1431531731.107336 00000606.ppm
-1 1431531731.175374 00000607.ppm
-1 1431531731.238032 00000608.ppm
-1 1431531731.307907 00000609.ppm
-1 1431531731.375226 00000610.ppm
-1 1431531731.440400 00000611.ppm
-1 1431531731.505171 00000612.ppm
-1 1431531731.572068 00000613.ppm
-1 1431531731.639098 00000614.ppm
-1 1431531731.707631 00000615.ppm
-1 1431531731.773150 00000616.ppm
-1 1431531731.838766 00000617.ppm
-1 1431531731.906966 00000618.ppm
-1 1431531731.971884 00000619.ppm
-1 1431531732.036326 00000620.ppm
-1 1431531732.102387 00000621.ppm
-1 1431531732.168063 00000622.ppm
-1 1431531732.238886 00000623.ppm
-1 1431531732.305633 00000624.ppm
-1 1431531732.371505 00000625.ppm
-1 1431531732.436746 00000626.ppm
-1 1431531732.504430 00000627.ppm
-1 1431531732.570405 00000628.ppm
-1 1431531732.633938 00000629.ppm
-1 1431531732.704325 00000630.ppm
-1 1431531732.761929 00000631.ppm
-1 1431531732.831950 00000632.ppm
-1 1431531732.901121 00000633.ppm
-1 1431531732.966646 00000634.ppm
-1 1431531733.027146 00000635.ppm
-1 1431531733.095310 00000636.ppm
-1 1431531733.165838 00000637.ppm
-1 1431531733.227928 00000638.ppm
-1 1431531733.294505 00000639.ppm
-1 1431531733.365572 00000640.ppm
-1 1431531733.429201 00000641.ppm
-1 1431531733.495654 00000642.ppm
-1 1431531733.559980 00000643.ppm
-1 1431531733.624534 00000644.ppm
-1 1431531733.687541 00000645.ppm
-1 1431531733.757296 00000646.ppm
-1 1431531733.824371 00000647.ppm
-1 1431531733.893245 00000648.ppm
-1 1431531733.964378 00000649.ppm
-1 1431531734.024421 00000650.ppm
-1 1431531734.091965 00000651.ppm
-1 1431531734.157984 00000652.ppm
-1 1431531734.224729 00000653.ppm
-1 1431531734.321185 00000654.ppm
-1 1431531734.389246 00000655.ppm
-1 1431531734.462487 00000656.ppm
-1 1431531734.522008 00000657.ppm
-1 1431531734.584759 00000658.ppm
-1 1431531734.657634 00000659.ppm
-1 1431531734.717282 00000660.ppm
-1 1431531734.851003 00000661.ppm
-1 1431531734.920605 00000662.ppm
-1 1431531734.987546 00000663.ppm
-1 1431531735.122705 00000664.ppm
-1 1431531735.185285 00000665.ppm
-1 1431531735.256899 00000666.ppm
-1 1431531735.316652 00000667.ppm
-1 1431531735.415338 00000668.ppm
-1 1431531735.515348 00000669.ppm
-1 1431531735.580594 00000670.ppm
-1 1431531735.679377 00000671.ppm
-1 1431531735.748292 00000672.ppm
-1 1431531735.812814 00000673.ppm
-1 1431531735.878865 00000674.ppm
-1 1431531735.976933 00000675.ppm
-1 1431531736.045461 00000676.ppm
-1 1431531736.146480 00000677.ppm
-1 1431531736.246484 00000678.ppm
-1 1431531736.311395 00000679.ppm
-1 1431531736.376140 00000680.ppm
-1 1431531736.442170 00000681.ppm
-1 1431531736.509097 00000682.ppm
-1 1431531736.573649 00000683.ppm
-1 1431531736.642279 00000684.ppm
-1 1431531736.707626 00000685.ppm
-1 1431531736.774524 00000686.ppm
-1 1431531736.841288 00000687.ppm
-1 1431531736.908324 00000688.ppm
-1 1431531736.971301 00000689.ppm
-1 1431531737.040519 00000690.ppm
-1 1431531737.106036 00000691.ppm
-1 1431531737.171393 00000692.ppm
-1 1431531737.235048 00000693.ppm
-1 1431531737.305030 00000694.ppm
-1 1431531737.370905 00000695.ppm
-1 1431531737.435590 00000696.ppm
-1 1431531737.501483 00000697.ppm
-1 1431531737.569724 00000698.ppm
-1 1431531737.637665 00000699.ppm
-1 1431531737.709366 00000700.ppm
-1 1431531737.768681 00000701.ppm
-1 1431531737.831703 00000702.ppm
-1 1431531737.898271 00000703.ppm
-1 1431531738.001173 00000704.ppm
-1 1431531738.066148 00000705.ppm
-1 1431531738.129099 00000706.ppm
-1 1431531738.196851 00000707.ppm
-1 1431531738.330145 00000708.ppm
-1 1431531738.526634 00000709.ppm
-1 1431531738.596055 00000710.ppm
-1 1431531738.660931 00000711.ppm
-1 1431531738.726902 00000712.ppm
-1 1431531738.797270 00000713.ppm
-1 1431531738.860130 00000714.ppm
-1 1431531738.925670 00000715.ppm
-1 1431531738.998252 00000716.ppm
-1 1431531739.059423 00000717.ppm
-1 1431531739.124626 00000718.ppm
-1 1431531739.191653 00000719.ppm
-1 1431531739.260121 00000720.ppm
-1 1431531739.321938 00000721.ppm
-1 1431531739.385919 00000722.ppm
-1 1431531739.457304 00000723.ppm
-1 1431531739.521966 00000724.ppm
-1 1431531739.589434 00000725.ppm
