-1 1431531938.580840 00000000.ppm
-1 1431531938.681443 00000001.ppm
-1 1431531938.783686 00000002.ppm
-1 1431531938.878986 00000003.ppm
-1 1431531938.947034 00000004.ppm
-1 1431531939.012329 00000005.ppm
-1 1431531939.076572 00000006.ppm
-1 1431531939.145666 00000007.ppm
-1 1431531939.207538 00000008.ppm
-1 1431531939.276340 00000009.ppm
-1 1431531939.339929 00000010.ppm
-1 1431531939.413166 00000011.ppm
-1 1431531939.475420 00000012.ppm
-1 1431531939.535195 00000013.ppm
-1 1431531939.608086 00000014.ppm
-1 1431531939.667838 00000015.ppm
-1 1431531939.747377 00000016.ppm
-1 1431531939.804756 00000017.ppm
-1 1431531939.873516 00000018.ppm
-1 1431531939.938327 00000019.ppm
-1 1431531940.004771 00000020.ppm
-1 1431531940.077244 00000021.ppm
-1 1431531940.138527 00000022.ppm
-1 1431531940.204532 00000023.ppm
-1 1431531940.273096 00000024.ppm
-1 1431531940.338853 00000025.ppm
-1 1431531940.402408 00000026.ppm
-1 1431531940.473905 00000027.ppm
-1 1431531940.535915 00000028.ppm
-1 1431531940.599482 00000029.ppm
-1 1431531940.668248 00000030.ppm
-1 1431531940.731612 00000031.ppm
-1 1431531940.797058 00000032.ppm
-1 1431531940.870456 00000033.ppm
-1 1431531940.932818 00000034.ppm
-1 1431531940.994814 00000035.ppm
-1 1431531941.063856 00000036.ppm
-1 1431531941.142683 00000037.ppm
-1 1431531941.195592 00000038.ppm
-1 1431531941.260767 00000039.ppm
-1 1431531941.329228 00000040.ppm
-1 1431531941.397480 00000041.ppm
-1 1431531941.495792 00000042.ppm
-1 1431531941.728424 00000043.ppm
-1 1431531941.920553 00000044.ppm
-1 1431531941.989775 00000045.ppm
-1 1431531942.092310 00000046.ppm
-1 1431531942.158751 00000047.ppm
-1 1431531942.252991 00000048.ppm
-1 1431531942.324424 00000049.ppm
-1 1431531942.423103 00000050.ppm
-1 1431531942.485663 00000051.ppm
-1 1431531942.551393 00000052.ppm
-1 1431531942.620069 00000053.ppm
-1 1431531942.686200 00000054.ppm
-1 1431531942.751251 00000055.ppm
-1 1431531942.823155 00000056.ppm
-1 1431531942.884656 00000057.ppm
-1 1431531942.948802 00000058.ppm
-1 1431531943.019634 00000059.ppm
-1 1431531943.081537 00000060.ppm
-1 1431531943.149510 00000061.ppm
-1 1431531943.222945 00000062.ppm
-1 1431531943.282867 00000063.ppm
-1 1431531943.347139 00000064.ppm
-1 1431531943.414664 00000065.ppm
-1 1431531943.475559 00000066.ppm
-1 1431531943.544806 00000067.ppm
-1 1431531943.614251 00000068.ppm
-1 1431531943.679262 00000069.ppm
-1 1431531943.744312 00000070.ppm
-1 1431531943.809754 00000071.ppm
-1 1431531943.880549 00000072.ppm
-1 1431531943.946882 00000073.ppm
-1 1431531944.044434 00000074.ppm
-1 1431531944.111860 00000075.ppm
-1 1431531944.179639 00000076.ppm
-1 1431531944.243199 00000077.ppm
-1 1431531944.307005 00000078.ppm
-1 1431531944.376965 00000079.ppm
-1 1431531944.441355 00000080.ppm
-1 1431531944.508370 00000081.ppm
-1 1431531944.579789 00000082.ppm
-1 1431531944.639598 00000083.ppm
-1 1431531944.702902 00000084.ppm
-1 1431531944.771656 00000085.ppm
-1 1431531944.839090 00000086.ppm
-1 1431531944.902943 00000087.ppm
-1 1431531944.972271 00000088.ppm
-1 1431531945.072151 00000089.ppm
-1 1431531945.139067 00000090.ppm
-1 1431531945.238904 00000091.ppm
-1 1431531945.372717 00000092.ppm
-1 1431531945.468960 00000093.ppm
-1 1431531945.568163 00000094.ppm
-1 1431531945.629628 00000095.ppm
-1 1431531945.697870 00000096.ppm
-1 1431531945.767642 00000097.ppm
-1 1431531945.831013 00000098.ppm
-1 1431531945.897507 00000099.ppm
-1 1431531945.963132 00000100.ppm
-1 1431531946.032746 00000101.ppm
-1 1431531946.094668 00000102.ppm
-1 1431531946.163141 00000103.ppm
-1 1431531946.229687 00000104.ppm
-1 1431531946.293375 00000105.ppm
-1 1431531946.359802 00000106.ppm
-1 1431531946.427106 00000107.ppm
-1 1431531946.493250 00000108.ppm
-1 1431531946.563712 00000109.ppm
-1 1431531946.659455 00000110.ppm
-1 1431531946.729207 00000111.ppm
-1 1431531946.793058 00000112.ppm
-1 1431531946.859794 00000113.ppm
-1 1431531946.929316 00000114.ppm
-1 1431531946.990970 00000115.ppm
-1 1431531947.058417 00000116.ppm
-1 1431531947.125746 00000117.ppm
-1 1431531947.192165 00000118.ppm
-1 1431531947.255082 00000119.ppm
-1 1431531947.324579 00000120.ppm
-1 1431531947.387641 00000121.ppm
-1 1431531947.454480 00000122.ppm
-1 1431531947.524783 00000123.ppm
-1 1431531947.586759 00000124.ppm
-1 1431531947.686311 00000125.ppm
-1 1431531947.751297 00000126.ppm
-1 1431531947.818326 00000127.ppm
-1 1431531947.919871 00000128.ppm
-1 1431531947.981981 00000129.ppm
-1 1431531948.048775 00000130.ppm
-1 1431531948.118592 00000131.ppm
-1 1431531948.178126 00000132.ppm
-1 1431531948.247458 00000133.ppm
-1 1431531948.317763 00000134.ppm
-1 1431531948.418888 00000135.ppm
-1 1431531948.515421 00000136.ppm
-1 1431531948.776563 00000137.ppm
-1 1431531948.845897 00000138.ppm
-1 1431531948.910067 00000139.ppm
-1 1431531948.980072 00000140.ppm
-1 1431531949.042298 00000141.ppm
-1 1431531949.111670 00000142.ppm
-1 1431531949.179737 00000143.ppm
-1 1431531949.241521 00000144.ppm
-1 1431531949.312343 00000145.ppm
-1 1431531949.375795 00000146.ppm
-1 1431531949.441581 00000147.ppm
-1 1431531949.507111 00000148.ppm
-1 1431531949.573078 00000149.ppm
-1 1431531949.638933 00000150.ppm
-1 1431531949.704452 00000151.ppm
-1 1431531949.774568 00000152.ppm
-1 1431531949.839339 00000153.ppm
-1 1431531949.903695 00000154.ppm
-1 1431531949.968654 00000155.ppm
-1 1431531950.041321 00000156.ppm
-1 1431531950.105274 00000157.ppm
-1 1431531950.173954 00000158.ppm
-1 1431531950.238457 00000159.ppm
-1 1431531950.300129 00000160.ppm
-1 1431531950.372542 00000161.ppm
-1 1431531950.435475 00000162.ppm
-1 1431531950.502902 00000163.ppm
-1 1431531950.570211 00000164.ppm
-1 1431531950.634448 00000165.ppm
-1 1431531950.699490 00000166.ppm
-1 1431531950.766558 00000167.ppm
-1 1431531950.832018 00000168.ppm
-1 1431531950.899501 00000169.ppm
-1 1431531950.970162 00000170.ppm
-1 1431531951.033554 00000171.ppm
-1 1431531951.099564 00000172.ppm
-1 1431531951.167570 00000173.ppm
-1 1431531951.232975 00000174.ppm
-1 1431531951.292307 00000175.ppm
-1 1431531951.362456 00000176.ppm
-1 1431531951.427490 00000177.ppm
-1 1431531951.492729 00000178.ppm
-1 1431531951.560766 00000179.ppm
-1 1431531951.626714 00000180.ppm
-1 1431531951.693485 00000181.ppm
-1 1431531951.756806 00000182.ppm
-1 1431531951.827014 00000183.ppm
-1 1431531951.893741 00000184.ppm
-1 1431531951.956559 00000185.ppm
-1 1431531952.021161 00000186.ppm
-1 1431531952.091839 00000187.ppm
-1 1431531952.157799 00000188.ppm
-1 1431531952.217645 00000189.ppm
-1 1431531952.288175 00000190.ppm
-1 1431531952.354617 00000191.ppm
-1 1431531952.422098 00000192.ppm
-1 1431531952.491641 00000193.ppm
-1 1431531952.555620 00000194.ppm
-1 1431531952.619596 00000195.ppm
-1 1431531952.691572 00000196.ppm
-1 1431531952.753957 00000197.ppm
-1 1431531952.823954 00000198.ppm
-1 1431531952.889982 00000199.ppm
-1 1431531952.952287 00000200.ppm
-1 1431531953.023253 00000201.ppm
-1 1431531953.083745 00000202.ppm
-1 1431531953.148166 00000203.ppm
-1 1431531953.217552 00000204.ppm
-1 1431531953.281505 00000205.ppm
-1 1431531954.177674 00000206.ppm
-1 1431531954.238330 00000207.ppm
-1 1431531954.306791 00000208.ppm
-1 1431531955.170505 00000209.ppm
-1 1431531955.301479 00000210.ppm
-1 1431531955.665673 00000211.ppm
-1 1431531955.732029 00000212.ppm
-1 1431531955.796933 00000213.ppm
-1 1431531955.870224 00000214.ppm
-1 1431531955.933036 00000215.ppm
-1 1431531955.991381 00000216.ppm
-1 1431531956.064573 00000217.ppm
-1 1431531956.131718 00000218.ppm
-1 1431531956.192000 00000219.ppm
-1 1431531956.261082 00000220.ppm
-1 1431531956.360406 00000221.ppm
-1 1431531956.463672 00000222.ppm
-1 1431531957.917573 00000223.ppm
-1 1431531958.018653 00000224.ppm
-1 1431531958.349439 00000225.ppm
-1 1431531958.480267 00000226.ppm
-1 1431531958.645415 00000227.ppm
-1 1431531958.712339 00000228.ppm
-1 1431531958.808040 00000229.ppm
-1 1431531958.878188 00000230.ppm
-1 1431531958.944229 00000231.ppm
-1 1431531959.019400 00000232.ppm
-1 1431531959.143996 00000233.ppm
-1 1431531959.214347 00000234.ppm
-1 1431531959.337700 00000235.ppm
-1 1431531959.404625 00000236.ppm
-1 1431531959.471167 00000237.ppm
-1 1431531959.603422 00000238.ppm
-1 1431531959.701050 00000239.ppm
-1 1431531959.773403 00000240.ppm
-1 1431531959.873177 00000241.ppm
-1 1431531959.937250 00000242.ppm
-1 1431531960.104921 00000243.ppm
-1 1431531960.173434 00000244.ppm
-1 1431531960.333677 00000245.ppm
-1 1431531960.404327 00000246.ppm
-1 1431531960.468415 00000247.ppm
-1 1431531960.537963 00000248.ppm
-1 1431531960.603508 00000249.ppm
-1 1431531960.899821 00000250.ppm
-1 1431531961.065714 00000251.ppm
-1 1431531961.133618 00000252.ppm
-1 1431531961.268825 00000253.ppm
-1 1431531961.469390 00000254.ppm
-1 1431531961.636106 00000255.ppm
-1 1431531961.693119 00000256.ppm
-1 1431531961.791472 00000257.ppm
-1 1431531961.924338 00000258.ppm
-1 1431531961.990738 00000259.ppm
-1 1431531962.092664 00000260.ppm
-1 1431531962.160070 00000261.ppm
-1 1431531962.291386 00000262.ppm
-1 1431531962.390067 00000263.ppm
-1 1431531962.528518 00000264.ppm
-1 1431531962.589798 00000265.ppm
-1 1431531962.690339 00000266.ppm
-1 1431531962.752689 00000267.ppm
-1 1431531962.823705 00000268.ppm
-1 1431531962.988131 00000269.ppm
-1 1431531963.221387 00000270.ppm
-1 1431531963.286941 00000271.ppm
-1 1431531963.345982 00000272.ppm
-1 1431531963.418077 00000273.ppm
-1 1431531963.483676 00000274.ppm
-1 1431531963.549169 00000275.ppm
-1 1431531963.621738 00000276.ppm
-1 1431531963.686404 00000277.ppm
-1 1431531963.753298 00000278.ppm
-1 1431531963.818057 00000279.ppm
-1 1431531963.883895 00000280.ppm
-1 1431531963.949027 00000281.ppm
-1 1431531964.015898 00000282.ppm
-1 1431531964.082031 00000283.ppm
-1 1431531964.146420 00000284.ppm
-1 1431531964.212056 00000285.ppm
-1 1431531964.278043 00000286.ppm
-1 1431531964.342958 00000287.ppm
-1 1431531964.408544 00000288.ppm
-1 1431531964.475841 00000289.ppm
-1 1431531964.542002 00000290.ppm
-1 1431531964.609154 00000291.ppm
-1 1431531964.680598 00000292.ppm
-1 1431531964.774481 00000293.ppm
-1 1431531964.974706 00000294.ppm
-1 1431531965.173270 00000295.ppm
-1 1431531965.240950 00000296.ppm
-1 1431531965.440785 00000297.ppm
-1 1431531965.538434 00000298.ppm
-1 1431531965.603158 00000299.ppm
-1 1431531965.672154 00000300.ppm
-1 1431531965.801114 00000301.ppm
-1 1431531965.873091 00000302.ppm
-1 1431531966.003080 00000303.ppm
-1 1431531966.071104 00000304.ppm
-1 1431531966.265879 00000305.ppm
-1 1431531966.332677 00000306.ppm
-1 1431531966.396486 00000307.ppm
-1 1431531966.466121 00000308.ppm
-1 1431531966.532738 00000309.ppm
-1 1431531966.634201 00000310.ppm
-1 1431531966.694392 00000311.ppm
-1 1431531966.857637 00000312.ppm
-1 1431531966.933200 00000313.ppm
-1 1431531967.025356 00000314.ppm
-1 1431531967.091390 00000315.ppm
-1 1431531967.165504 00000316.ppm
-1 1431531967.231412 00000317.ppm
-1 1431531967.288959 00000318.ppm
-1 1431531967.353957 00000319.ppm
-1 1431531967.423656 00000320.ppm
-1 1431531967.527593 00000321.ppm
-1 1431531967.628683 00000322.ppm
-1 1431531967.689965 00000323.ppm
-1 1431531967.784942 00000324.ppm
-1 1431531967.859227 00000325.ppm
-1 1431531967.923152 00000326.ppm
-1 1431531968.056588 00000327.ppm
-1 1431531968.123762 00000328.ppm
-1 1431531968.223304 00000329.ppm
-1 1431531968.287286 00000330.ppm
-1 1431531968.385028 00000331.ppm
-1 1431531968.452989 00000332.ppm
-1 1431531968.520489 00000333.ppm
-1 1431531968.587063 00000334.ppm
-1 1431531968.647346 00000335.ppm
-1 1431531968.714755 00000336.ppm
-1 1431531968.786332 00000337.ppm
-1 1431531968.849578 00000338.ppm
-1 1431531968.916780 00000339.ppm
-1 1431531968.983959 00000340.ppm
-1 1431531969.047138 00000341.ppm
-1 1431531969.117901 00000342.ppm
-1 1431531969.184371 00000343.ppm
-1 1431531969.282641 00000344.ppm
-1 1431531969.409807 00000345.ppm
-1 1431531969.477561 00000346.ppm
-1 1431531969.543510 00000347.ppm
-1 1431531969.743326 00000348.ppm
-1 1431531969.810221 00000349.ppm
-1 1431531969.877170 00000350.ppm
-1 1431531969.943450 00000351.ppm
-1 1431531970.045586 00000352.ppm
-1 1431531970.107538 00000353.ppm
-1 1431531970.175889 00000354.ppm
-1 1431531970.242344 00000355.ppm
-1 1431531970.372149 00000356.ppm
-1 1431531970.540278 00000357.ppm
-1 1431531970.772001 00000358.ppm
-1 1431531971.071941 00000359.ppm
-1 1431531971.172231 00000360.ppm
-1 1431531971.232914 00000361.ppm
-1 1431531971.300284 00000362.ppm
-1 1431531971.394682 00000363.ppm
-1 1431531972.991202 00000364.ppm
-1 1431531973.054046 00000365.ppm
-1 1431531973.119904 00000366.ppm
-1 1431531973.186929 00000367.ppm
-1 1431531973.252090 00000368.ppm
-1 1431531973.353121 00000369.ppm
-1 1431531973.417643 00000370.ppm
-1 1431531973.619393 00000371.ppm
-1 1431531973.722908 00000372.ppm
-1 1431531973.813530 00000373.ppm
-1 1431531973.919166 00000374.ppm
-1 1431531975.175021 00000375.ppm
-1 1431531975.240074 00000376.ppm
-1 1431531975.306055 00000377.ppm
-1 1431531975.370364 00000378.ppm
-1 1431531975.435207 00000379.ppm
-1 1431531975.506628 00000380.ppm
-1 1431531975.574191 00000381.ppm
-1 1431531975.639020 00000382.ppm
-1 1431531975.699404 00000383.ppm
-1 1431531975.838231 00000384.ppm
-1 1431531975.935293 00000385.ppm
-1 1431531976.171998 00000386.ppm
-1 1431531976.300587 00000387.ppm
-1 1431531976.373067 00000388.ppm
-1 1431531976.434679 00000389.ppm
-1 1431531976.500593 00000390.ppm
-1 1431531976.573234 00000391.ppm
-1 1431531976.698924 00000392.ppm
-1 1431531976.832845 00000393.ppm
-1 1431531976.896464 00000394.ppm
-1 1431531976.969445 00000395.ppm
-1 1431531977.031604 00000396.ppm
-1 1431531977.196240 00000397.ppm
-1 1431531977.258869 00000398.ppm
-1 1431531977.326477 00000399.ppm
-1 1431531977.392633 00000400.ppm
-1 1431531977.493997 00000401.ppm
-1 1431531977.630002 00000402.ppm
-1 1431531977.724161 00000403.ppm
-1 1431531977.924954 00000404.ppm
-1 1431531977.988559 00000405.ppm
-1 1431531978.118944 00000406.ppm
-1 1431531978.484859 00000407.ppm
-1 1431531978.750738 00000408.ppm
-1 1431531978.848199 00000409.ppm
-1 1431531978.914001 00000410.ppm
-1 1431531979.017733 00000411.ppm
-1 1431531979.082016 00000412.ppm
-1 1431531979.145532 00000413.ppm
-1 1431531979.216930 00000414.ppm
-1 1431531979.279118 00000415.ppm
-1 1431531979.381154 00000416.ppm
-1 1431531981.468783 00000417.ppm
-1 1431531981.571463 00000418.ppm
-1 1431531981.632943 00000419.ppm
-1 1431531981.694916 00000420.ppm
-1 1431531981.760453 00000421.ppm
