-1 1431532111.242127 00000000.ppm
-1 1431532111.289729 00000001.ppm
-1 1431532111.357804 00000002.ppm
-1 1431532111.428109 00000003.ppm
-1 1431532111.493735 00000004.ppm
-1 1431532111.556744 00000005.ppm
-1 1431532111.626231 00000006.ppm
-1 1431532111.695385 00000007.ppm
-1 1431532111.790317 00000008.ppm
-1 1431532111.856994 00000009.ppm
-1 1431532111.922956 00000010.ppm
-1 1431532112.021921 00000011.ppm
-1 1431532112.484939 00000012.ppm
-1 1431532112.587650 00000013.ppm
-1 1431532112.652867 00000014.ppm
-1 1431532112.751360 00000015.ppm
-1 1431532112.812635 00000016.ppm
-1 1431532112.914097 00000017.ppm
-1 1431532112.981567 00000018.ppm
-1 1431532113.045108 00000019.ppm
-1 1431532113.211933 00000020.ppm
-1 1431532113.282722 00000021.ppm
-1 1431532113.347753 00000022.ppm
-1 1431532113.412406 00000023.ppm
-1 1431532113.483752 00000024.ppm
-1 1431532113.545437 00000025.ppm
-1 1431532113.610829 00000026.ppm
-1 1431532113.679403 00000027.ppm
-1 1431532113.743125 00000028.ppm
-1 1431532113.808894 00000029.ppm
-1 1431532113.876218 00000030.ppm
-1 1431532113.942525 00000031.ppm
-1 1431532114.007314 00000032.ppm
-1 1431532114.305977 00000033.ppm
-1 1431532114.374297 00000034.ppm
-1 1431532114.441439 00000035.ppm
-1 1431532115.068593 00000036.ppm
-1 1431532115.135114 00000037.ppm
-1 1431532115.234810 00000038.ppm
-1 1431532115.434194 00000039.ppm
-1 1431532115.563662 00000040.ppm
-1 1431532115.763590 00000041.ppm
-1 1431532116.092843 00000042.ppm
-1 1431532116.160794 00000043.ppm
-1 1431532116.227533 00000044.ppm
-1 1431532116.491496 00000045.ppm
-1 1431532116.887541 00000046.ppm
-1 1431532117.118455 00000047.ppm
-1 1431532117.351596 00000048.ppm
-1 1431532117.516416 00000049.ppm
-1 1431532117.585614 00000050.ppm
-1 1431532118.079812 00000051.ppm
-1 1431532118.310619 00000052.ppm
-1 1431532118.906405 00000053.ppm
-1 1431532119.040957 00000054.ppm
-1 1431532119.768462 00000055.ppm
-1 1431532119.900380 00000056.ppm
-1 1431532120.463565 00000057.ppm
-1 1431532120.596010 00000058.ppm
-1 1431532120.822007 00000059.ppm
-1 1431532121.192212 00000060.ppm
-1 1431532121.619327 00000061.ppm
-1 1431532121.851363 00000062.ppm
-1 1431532122.115477 00000063.ppm
-1 1431532122.217270 00000064.ppm
-1 1431532123.578423 00000065.ppm
-1 1431532123.643916 00000066.ppm
-1 1431532124.106291 00000067.ppm
-1 1431532124.173444 00000068.ppm
-1 1431532124.442905 00000069.ppm
-1 1431532124.671006 00000070.ppm
-1 1431532124.736852 00000071.ppm
-1 1431532124.870496 00000072.ppm
-1 1431532125.033918 00000073.ppm
-1 1431532125.564289 00000074.ppm
-1 1431532125.799292 00000075.ppm
-1 1431532126.061435 00000076.ppm
-1 1431532126.193175 00000077.ppm
-1 1431532126.355489 00000078.ppm
-1 1431532126.456003 00000079.ppm
-1 1431532126.754069 00000080.ppm
-1 1431532126.987047 00000081.ppm
-1 1431532127.052567 00000082.ppm
-1 1431532127.150592 00000083.ppm
-1 1431532127.316262 00000084.ppm
-1 1431532127.386171 00000085.ppm
-1 1431532127.450349 00000086.ppm
-1 1431532127.512833 00000087.ppm
-1 1431532127.648999 00000088.ppm
-1 1431532128.211111 00000089.ppm
