-1 1431531866.617250 00000000.ppm
-1 1431531866.877995 00000001.ppm
-1 1431531866.941169 00000002.ppm
-1 1431531867.013437 00000003.ppm
-1 1431531867.076319 00000004.ppm
-1 1431531867.275311 00000005.ppm
-1 1431531867.374484 00000006.ppm
-1 1431531867.444582 00000007.ppm
-1 1431531867.537583 00000008.ppm
-1 1431531867.609424 00000009.ppm
-1 1431531867.720492 00000010.ppm
-1 1431531867.776367 00000011.ppm
-1 1431531867.838737 00000012.ppm
-1 1431531867.902579 00000013.ppm
-1 1431531867.972331 00000014.ppm
-1 1431531868.034792 00000015.ppm
-1 1431531868.105757 00000016.ppm
-1 1431531868.174660 00000017.ppm
-1 1431531868.236399 00000018.ppm
-1 1431531868.304810 00000019.ppm
-1 1431531868.370886 00000020.ppm
-1 1431531868.436014 00000021.ppm
-1 1431531868.503493 00000022.ppm
-1 1431531868.566579 00000023.ppm
-1 1431531868.636863 00000024.ppm
-1 1431531868.700147 00000025.ppm
-1 1431531868.768765 00000026.ppm
-1 1431531868.837724 00000027.ppm
-1 1431531868.900159 00000028.ppm
-1 1431531868.964034 00000029.ppm
-1 1431531869.031345 00000030.ppm
-1 1431531869.091796 00000031.ppm
-1 1431531869.170388 00000032.ppm
-1 1431531869.233136 00000033.ppm
-1 1431531869.296729 00000034.ppm
-1 1431531869.357985 00000035.ppm
-1 1431531869.430350 00000036.ppm
-1 1431531869.495422 00000037.ppm
-1 1431531869.555388 00000038.ppm
-1 1431531869.626259 00000039.ppm
-1 1431531869.692636 00000040.ppm
-1 1431531869.759522 00000041.ppm
-1 1431531869.829131 00000042.ppm
-1 1431531869.895066 00000043.ppm
-1 1431531869.957630 00000044.ppm
-1 1431531870.029369 00000045.ppm
-1 1431531870.091660 00000046.ppm
-1 1431531870.159954 00000047.ppm
-1 1431531870.223558 00000048.ppm
-1 1431531870.288725 00000049.ppm
-1 1431531870.355964 00000050.ppm
-1 1431531870.423560 00000051.ppm
-1 1431531870.490062 00000052.ppm
-1 1431531870.559744 00000053.ppm
-1 1431531870.625909 00000054.ppm
-1 1431531870.687714 00000055.ppm
-1 1431531870.756671 00000056.ppm
-1 1431531870.821578 00000057.ppm
-1 1431531870.887267 00000058.ppm
-1 1431531870.954090 00000059.ppm
-1 1431531871.021283 00000060.ppm
-1 1431531871.085400 00000061.ppm
-1 1431531871.152766 00000062.ppm
-1 1431531871.221139 00000063.ppm
-1 1431531871.285950 00000064.ppm
-1 1431531871.347152 00000065.ppm
-1 1431531871.418941 00000066.ppm
-1 1431531871.480140 00000067.ppm
-1 1431531871.552029 00000068.ppm
-1 1431531871.613979 00000069.ppm
-1 1431531871.685011 00000070.ppm
-1 1431531871.747855 00000071.ppm
-1 1431531871.814669 00000072.ppm
-1 1431531871.878573 00000073.ppm
-1 1431531871.946493 00000074.ppm
-1 1431531872.008971 00000075.ppm
-1 1431531872.078731 00000076.ppm
-1 1431531872.145745 00000077.ppm
-1 1431531872.211772 00000078.ppm
-1 1431531872.280310 00000079.ppm
-1 1431531872.342162 00000080.ppm
-1 1431531872.413720 00000081.ppm
-1 1431531872.479804 00000082.ppm
-1 1431531872.541826 00000083.ppm
-1 1431531872.605328 00000084.ppm
-1 1431531872.670013 00000085.ppm
-1 1431531872.739473 00000086.ppm
-1 1431531872.811147 00000087.ppm
-1 1431531872.874495 00000088.ppm
-1 1431531872.941298 00000089.ppm
-1 1431531873.008540 00000090.ppm
-1 1431531873.080171 00000091.ppm
-1 1431531873.140761 00000092.ppm
-1 1431531873.205673 00000093.ppm
-1 1431531873.274238 00000094.ppm
-1 1431531873.340001 00000095.ppm
-1 1431531873.405459 00000096.ppm
-1 1431531873.470268 00000097.ppm
-1 1431531873.540588 00000098.ppm
-1 1431531873.600833 00000099.ppm
-1 1431531873.673261 00000100.ppm
-1 1431531873.733551 00000101.ppm
-1 1431531873.803772 00000102.ppm
-1 1431531873.868253 00000103.ppm
-1 1431531873.936188 00000104.ppm
-1 1431531873.999162 00000105.ppm
-1 1431531874.059174 00000106.ppm
-1 1431531874.132581 00000107.ppm
-1 1431531874.198932 00000108.ppm
-1 1431531874.264461 00000109.ppm
-1 1431531874.330422 00000110.ppm
-1 1431531874.395919 00000111.ppm
-1 1431531874.464529 00000112.ppm
-1 1431531874.530129 00000113.ppm
-1 1431531874.595352 00000114.ppm
-1 1431531874.667056 00000115.ppm
-1 1431531874.727748 00000116.ppm
-1 1431531874.791579 00000117.ppm
-1 1431531874.861630 00000118.ppm
-1 1431531874.926602 00000119.ppm
-1 1431531874.985666 00000120.ppm
-1 1431531875.057800 00000121.ppm
-1 1431531875.123700 00000122.ppm
-1 1431531875.190069 00000123.ppm
-1 1431531875.258314 00000124.ppm
-1 1431531875.322829 00000125.ppm
-1 1431531875.388431 00000126.ppm
-1 1431531875.450990 00000127.ppm
-1 1431531875.520124 00000128.ppm
-1 1431531875.583214 00000129.ppm
-1 1431531875.655843 00000130.ppm
-1 1431531875.718249 00000131.ppm
-1 1431531875.786934 00000132.ppm
-1 1431531875.846455 00000133.ppm
-1 1431531875.922818 00000134.ppm
-1 1431531875.985784 00000135.ppm
-1 1431531876.048081 00000136.ppm
-1 1431531876.121348 00000137.ppm
-1 1431531876.184893 00000138.ppm
-1 1431531876.246135 00000139.ppm
-1 1431531876.316237 00000140.ppm
-1 1431531876.381836 00000141.ppm
-1 1431531876.445543 00000142.ppm
-1 1431531876.517680 00000143.ppm
-1 1431531876.581035 00000144.ppm
-1 1431531876.642845 00000145.ppm
-1 1431531876.713990 00000146.ppm
-1 1431531876.779380 00000147.ppm
-1 1431531876.840595 00000148.ppm
-1 1431531876.912857 00000149.ppm
-1 1431531876.979337 00000150.ppm
-1 1431531877.044984 00000151.ppm
-1 1431531877.115188 00000152.ppm
-1 1431531877.176908 00000153.ppm
-1 1431531877.244321 00000154.ppm
-1 1431531877.308788 00000155.ppm
-1 1431531877.375828 00000156.ppm
-1 1431531877.441068 00000157.ppm
-1 1431531877.511287 00000158.ppm
-1 1431531877.573845 00000159.ppm
-1 1431531877.640723 00000160.ppm
-1 1431531877.707134 00000161.ppm
-1 1431531877.772803 00000162.ppm
-1 1431531877.838734 00000163.ppm
-1 1431531877.901292 00000164.ppm
-1 1431531877.975160 00000165.ppm
-1 1431531878.037252 00000166.ppm
-1 1431531878.105337 00000167.ppm
-1 1431531878.172708 00000168.ppm
-1 1431531878.233251 00000169.ppm
-1 1431531878.301975 00000170.ppm
-1 1431531878.367986 00000171.ppm
-1 1431531878.434488 00000172.ppm
-1 1431531878.497944 00000173.ppm
-1 1431531878.567863 00000174.ppm
-1 1431531878.629552 00000175.ppm
-1 1431531878.698589 00000176.ppm
-1 1431531878.768432 00000177.ppm
-1 1431531878.830711 00000178.ppm
-1 1431531878.890970 00000179.ppm
-1 1431531878.964394 00000180.ppm
-1 1431531879.027752 00000181.ppm
-1 1431531879.098401 00000182.ppm
-1 1431531879.158375 00000183.ppm
-1 1431531879.232876 00000184.ppm
-1 1431531879.289950 00000185.ppm
-1 1431531879.362665 00000186.ppm
-1 1431531879.466951 00000187.ppm
-1 1431531879.527316 00000188.ppm
-1 1431531879.629199 00000189.ppm
-1 1431531879.694498 00000190.ppm
-1 1431531879.762401 00000191.ppm
-1 1431531879.830137 00000192.ppm
-1 1431531879.892653 00000193.ppm
-1 1431531879.963146 00000194.ppm
-1 1431531880.024332 00000195.ppm
-1 1431531880.090583 00000196.ppm
-1 1431531880.160597 00000197.ppm
-1 1431531880.224703 00000198.ppm
-1 1431531880.289095 00000199.ppm
-1 1431531880.354782 00000200.ppm
-1 1431531880.424001 00000201.ppm
-1 1431531880.484925 00000202.ppm
-1 1431531880.553254 00000203.ppm
-1 1431531880.621174 00000204.ppm
-1 1431531880.680046 00000205.ppm
-1 1431531880.748856 00000206.ppm
-1 1431531880.819105 00000207.ppm
-1 1431531880.885310 00000208.ppm
-1 1431531880.950594 00000209.ppm
-1 1431531881.021012 00000210.ppm
-1 1431531881.086588 00000211.ppm
-1 1431531881.149874 00000212.ppm
-1 1431531881.223926 00000213.ppm
-1 1431531881.283389 00000214.ppm
-1 1431531881.349237 00000215.ppm
-1 1431531881.418009 00000216.ppm
-1 1431531881.484046 00000217.ppm
-1 1431531881.548780 00000218.ppm
-1 1431531881.616184 00000219.ppm
-1 1431531881.685262 00000220.ppm
-1 1431531881.746038 00000221.ppm
-1 1431531881.818252 00000222.ppm
-1 1431531881.881315 00000223.ppm
-1 1431531881.942947 00000224.ppm
-1 1431531882.018129 00000225.ppm
-1 1431531882.075447 00000226.ppm
-1 1431531882.142772 00000227.ppm
-1 1431531882.218237 00000228.ppm
-1 1431531882.276329 00000229.ppm
-1 1431531882.336192 00000230.ppm
-1 1431531882.414814 00000231.ppm
-1 1431531882.475863 00000232.ppm
-1 1431531882.542820 00000233.ppm
-1 1431531882.610925 00000234.ppm
-1 1431531882.672761 00000235.ppm
-1 1431531882.738738 00000236.ppm
-1 1431531882.806251 00000237.ppm
-1 1431531882.875845 00000238.ppm
-1 1431531882.939584 00000239.ppm
-1 1431531883.006147 00000240.ppm
-1 1431531883.071476 00000241.ppm
-1 1431531883.136411 00000242.ppm
-1 1431531883.202424 00000243.ppm
-1 1431531883.268420 00000244.ppm
-1 1431531883.335224 00000245.ppm
-1 1431531883.398200 00000246.ppm
-1 1431531883.468114 00000247.ppm
-1 1431531883.533167 00000248.ppm
-1 1431531883.596243 00000249.ppm
-1 1431531883.666281 00000250.ppm
-1 1431531883.733963 00000251.ppm
-1 1431531883.795142 00000252.ppm
-1 1431531883.867632 00000253.ppm
-1 1431531883.936625 00000254.ppm
-1 1431531883.999264 00000255.ppm
-1 1431531884.067421 00000256.ppm
-1 1431531884.132120 00000257.ppm
-1 1431531884.199155 00000258.ppm
-1 1431531884.265745 00000259.ppm
-1 1431531884.331101 00000260.ppm
-1 1431531884.388409 00000261.ppm
-1 1431531884.462870 00000262.ppm
-1 1431531884.527363 00000263.ppm
-1 1431531884.595682 00000264.ppm
-1 1431531884.658371 00000265.ppm
-1 1431531884.728112 00000266.ppm
-1 1431531884.790667 00000267.ppm
-1 1431531884.861849 00000268.ppm
-1 1431531884.928258 00000269.ppm
-1 1431531884.986679 00000270.ppm
-1 1431531885.049896 00000271.ppm
-1 1431531885.119951 00000272.ppm
-1 1431531885.185007 00000273.ppm
-1 1431531885.251880 00000274.ppm
-1 1431531885.322752 00000275.ppm
-1 1431531885.388410 00000276.ppm
-1 1431531885.454263 00000277.ppm
-1 1431531885.521543 00000278.ppm
-1 1431531885.582959 00000279.ppm
-1 1431531885.648335 00000280.ppm
-1 1431531885.723728 00000281.ppm
-1 1431531885.819653 00000282.ppm
-1 1431531885.881562 00000283.ppm
-1 1431531885.944358 00000284.ppm
-1 1431531886.013388 00000285.ppm
-1 1431531886.079975 00000286.ppm
-1 1431531886.222393 00000287.ppm
-1 1431531886.417704 00000288.ppm
