-1 1431532139.537144 00000000.ppm
-1 1431532139.604382 00000001.ppm
-1 1431532139.674735 00000002.ppm
-1 1431532139.843319 00000003.ppm
-1 1431532139.902866 00000004.ppm
-1 1431532140.142382 00000005.ppm
-1 1431532140.202667 00000006.ppm
-1 1431532140.366504 00000007.ppm
-1 1431532140.437298 00000008.ppm
-1 1431532140.600140 00000009.ppm
-1 1431532140.699518 00000010.ppm
-1 1431532140.766264 00000011.ppm
-1 1431532140.835897 00000012.ppm
-1 1431532140.898742 00000013.ppm
-1 1431532140.963659 00000014.ppm
-1 1431532141.033725 00000015.ppm
-1 1431532141.095025 00000016.ppm
-1 1431532141.163138 00000017.ppm
-1 1431532141.230822 00000018.ppm
-1 1431532141.294863 00000019.ppm
-1 1431532141.361736 00000020.ppm
-1 1431532141.427133 00000021.ppm
-1 1431532141.493477 00000022.ppm
-1 1431532141.560075 00000023.ppm
-1 1431532141.625206 00000024.ppm
-1 1431532141.692998 00000025.ppm
-1 1431532141.752734 00000026.ppm
-1 1431532141.821007 00000027.ppm
-1 1431532141.892385 00000028.ppm
-1 1431532141.955268 00000029.ppm
-1 1431532142.024791 00000030.ppm
-1 1431532142.091789 00000031.ppm
-1 1431532142.157384 00000032.ppm
-1 1431532142.218347 00000033.ppm
-1 1431532142.319571 00000034.ppm
-1 1431532142.387769 00000035.ppm
-1 1431532142.490960 00000036.ppm
-1 1431532142.552828 00000037.ppm
-1 1431532142.649128 00000038.ppm
-1 1431532142.714148 00000039.ppm
-1 1431532142.814396 00000040.ppm
-1 1431532142.885861 00000041.ppm
-1 1431532142.951018 00000042.ppm
-1 1431532143.014681 00000043.ppm
-1 1431532143.114273 00000044.ppm
-1 1431532143.180811 00000045.ppm
-1 1431532143.283897 00000046.ppm
-1 1431532143.414632 00000047.ppm
-1 1431532143.480690 00000048.ppm
-1 1431532143.551435 00000049.ppm
-1 1431532143.712770 00000050.ppm
-1 1431532143.844616 00000051.ppm
-1 1431532143.910580 00000052.ppm
-1 1431532143.978722 00000053.ppm
-1 1431532144.081782 00000054.ppm
-1 1431532144.143587 00000055.ppm
-1 1431532144.244360 00000056.ppm
-1 1431532144.304567 00000057.ppm
-1 1431532144.374277 00000058.ppm
-1 1431532144.472444 00000059.ppm
-1 1431532144.541103 00000060.ppm
-1 1431532144.603767 00000061.ppm
-1 1431532144.670732 00000062.ppm
-1 1431532144.738851 00000063.ppm
-1 1431532144.801872 00000064.ppm
-1 1431532144.870708 00000065.ppm
-1 1431532144.938749 00000066.ppm
-1 1431532144.999921 00000067.ppm
-1 1431532145.066206 00000068.ppm
-1 1431532145.201807 00000069.ppm
-1 1431532145.363445 00000070.ppm
-1 1431532145.662193 00000071.ppm
-1 1431532145.831786 00000072.ppm
-1 1431532146.095338 00000073.ppm
-1 1431532146.257269 00000074.ppm
-1 1431532146.920045 00000075.ppm
-1 1431532147.051574 00000076.ppm
-1 1431532147.289970 00000077.ppm
